This is pdfTeX, Version 3.14159265-2.6-1.40.20 (TeX Live 2019 Gentoo Linux) (preloaded format=pdflatex 2020.1.6)  22 JAN 2020 19:50
entering extended mode
 \write18 enabled.
 %&-line parsing enabled.
**article.tex
(./article.tex
LaTeX2e <2018-12-01>
(/usr/share/texmf-dist/tex/latex/base/article.cls
Document Class: article 2018/09/03 v1.4i Standard LaTeX document class
(/usr/share/texmf-dist/tex/latex/base/size10.clo
File: size10.clo 2018/09/03 v1.4i Standard LaTeX file (size option)
)
\c@part=\count80
\c@section=\count81
\c@subsection=\count82
\c@subsubsection=\count83
\c@paragraph=\count84
\c@subparagraph=\count85
\c@figure=\count86
\c@table=\count87
\abovecaptionskip=\skip41
\belowcaptionskip=\skip42
\bibindent=\dimen102
) (./article/header.tex
(/usr/share/texmf-dist/tex/latex/xcolor/xcolor.sty
Package: xcolor 2016/05/11 v2.12 LaTeX color extensions (UK)

(/usr/share/texmf-dist/tex/latex/graphics-cfg/color.cfg
File: color.cfg 2016/01/02 v1.6 sample color configuration
)
Package xcolor Info: Driver file: pdftex.def on input line 225.

(/usr/share/texmf-dist/tex/latex/graphics-def/pdftex.def
File: pdftex.def 2018/01/08 v1.0l Graphics/color driver for pdftex
)
Package xcolor Info: Model `cmy' substituted by `cmy0' on input line 1348.
Package xcolor Info: Model `hsb' substituted by `rgb' on input line 1352.
Package xcolor Info: Model `RGB' extended on input line 1364.
Package xcolor Info: Model `HTML' substituted by `rgb' on input line 1366.
Package xcolor Info: Model `Hsb' substituted by `hsb' on input line 1367.
Package xcolor Info: Model `tHsb' substituted by `hsb' on input line 1368.
Package xcolor Info: Model `HSB' substituted by `hsb' on input line 1369.
Package xcolor Info: Model `Gray' substituted by `gray' on input line 1370.
Package xcolor Info: Model `wave' substituted by `hsb' on input line 1371.

(/usr/share/texmf-dist/tex/latex/graphics/dvipsnam.def
File: dvipsnam.def 2016/06/17 v3.0m Driver-dependent file (DPC,SPQR)
))
(/usr/share/texmf-dist/tex/latex/base/inputenc.sty
Package: inputenc 2018/08/11 v1.3c Input encoding file
\inpenc@prehook=\toks14
\inpenc@posthook=\toks15
)
(/usr/share/texmf-dist/tex/latex/base/fontenc.sty
Package: fontenc 2018/08/11 v2.0j Standard LaTeX package

(/usr/share/texmf-dist/tex/latex/base/t1enc.def
File: t1enc.def 2018/08/11 v2.0j Standard LaTeX file
LaTeX Font Info:    Redeclaring font encoding T1 on input line 48.
))
(/usr/share/texmf-dist/tex/latex/geometry/geometry.sty
Package: geometry 2018/04/16 v5.8 Page Geometry

(/usr/share/texmf-dist/tex/latex/graphics/keyval.sty
Package: keyval 2014/10/28 v1.15 key=value parser (DPC)
\KV@toks@=\toks16
)
(/usr/share/texmf-dist/tex/generic/oberdiek/ifpdf.sty
Package: ifpdf 2018/09/07 v3.3 Provides the ifpdf switch
)
(/usr/share/texmf-dist/tex/generic/oberdiek/ifvtex.sty
Package: ifvtex 2016/05/16 v1.6 Detect VTeX and its facilities (HO)
Package ifvtex Info: VTeX not detected.
)
(/usr/share/texmf-dist/tex/generic/ifxetex/ifxetex.sty
Package: ifxetex 2010/09/12 v0.6 Provides ifxetex conditional
)
\Gm@cnth=\count88
\Gm@cntv=\count89
\c@Gm@tempcnt=\count90
\Gm@bindingoffset=\dimen103
\Gm@wd@mp=\dimen104
\Gm@odd@mp=\dimen105
\Gm@even@mp=\dimen106
\Gm@layoutwidth=\dimen107
\Gm@layoutheight=\dimen108
\Gm@layouthoffset=\dimen109
\Gm@layoutvoffset=\dimen110
\Gm@dimlist=\toks17
)
(/usr/share/texmf-dist/tex/latex/hyperref/hyperref.sty
Package: hyperref 2018/11/30 v6.88e Hypertext links for LaTeX

(/usr/share/texmf-dist/tex/generic/oberdiek/hobsub-hyperref.sty
Package: hobsub-hyperref 2016/05/16 v1.14 Bundle oberdiek, subset hyperref (HO)


(/usr/share/texmf-dist/tex/generic/oberdiek/hobsub-generic.sty
Package: hobsub-generic 2016/05/16 v1.14 Bundle oberdiek, subset generic (HO)
Package: hobsub 2016/05/16 v1.14 Construct package bundles (HO)
Package: infwarerr 2016/05/16 v1.4 Providing info/warning/error messages (HO)
Package: ltxcmds 2016/05/16 v1.23 LaTeX kernel commands for general use (HO)
Package: ifluatex 2016/05/16 v1.4 Provides the ifluatex switch (HO)
Package ifluatex Info: LuaTeX not detected.
Package hobsub Info: Skipping package `ifvtex' (already loaded).
Package: intcalc 2016/05/16 v1.2 Expandable calculations with integers (HO)
Package hobsub Info: Skipping package `ifpdf' (already loaded).
Package: etexcmds 2016/05/16 v1.6 Avoid name clashes with e-TeX commands (HO)
Package: kvsetkeys 2016/05/16 v1.17 Key value parser (HO)
Package: kvdefinekeys 2016/05/16 v1.4 Define keys (HO)
Package: pdftexcmds 2018/09/10 v0.29 Utility functions of pdfTeX for LuaTeX (HO
)
Package pdftexcmds Info: LuaTeX not detected.
Package pdftexcmds Info: \pdf@primitive is available.
Package pdftexcmds Info: \pdf@ifprimitive is available.
Package pdftexcmds Info: \pdfdraftmode found.
Package: pdfescape 2016/05/16 v1.14 Implements pdfTeX's escape features (HO)
Package: bigintcalc 2016/05/16 v1.4 Expandable calculations on big integers (HO
)
Package: bitset 2016/05/16 v1.2 Handle bit-vector datatype (HO)
Package: uniquecounter 2016/05/16 v1.3 Provide unlimited unique counter (HO)
)
Package hobsub Info: Skipping package `hobsub' (already loaded).
Package: letltxmacro 2016/05/16 v1.5 Let assignment for LaTeX macros (HO)
Package: hopatch 2016/05/16 v1.3 Wrapper for package hooks (HO)
Package: xcolor-patch 2016/05/16 xcolor patch
Package: atveryend 2016/05/16 v1.9 Hooks at the very end of document (HO)
Package atveryend Info: \enddocument detected (standard20110627).
Package: atbegshi 2016/06/09 v1.18 At begin shipout hook (HO)
Package: refcount 2016/05/16 v3.5 Data extraction from label references (HO)
Package: hycolor 2016/05/16 v1.8 Color options for hyperref/bookmark (HO)
)
(/usr/share/texmf-dist/tex/latex/oberdiek/auxhook.sty
Package: auxhook 2016/05/16 v1.4 Hooks for auxiliary files (HO)
)
(/usr/share/texmf-dist/tex/latex/oberdiek/kvoptions.sty
Package: kvoptions 2016/05/16 v3.12 Key value format for package options (HO)
)
\@linkdim=\dimen111
\Hy@linkcounter=\count91
\Hy@pagecounter=\count92

(/usr/share/texmf-dist/tex/latex/hyperref/pd1enc.def
File: pd1enc.def 2018/11/30 v6.88e Hyperref: PDFDocEncoding definition (HO)
Now handling font encoding PD1 ...
... no UTF-8 mapping file for font encoding PD1
)
\Hy@SavedSpaceFactor=\count93

(/usr/share/texmf-dist/tex/latex/latexconfig/hyperref.cfg
File: hyperref.cfg 2002/06/06 v1.2 hyperref configuration of TeXLive
)
Package hyperref Info: Hyper figures OFF on input line 4519.
Package hyperref Info: Link nesting OFF on input line 4524.
Package hyperref Info: Hyper index ON on input line 4527.
Package hyperref Info: Plain pages OFF on input line 4534.
Package hyperref Info: Backreferencing OFF on input line 4539.
Package hyperref Info: Implicit mode ON; LaTeX internals redefined.
Package hyperref Info: Bookmarks ON on input line 4772.
\c@Hy@tempcnt=\count94

(/usr/share/texmf-dist/tex/latex/url/url.sty
\Urlmuskip=\muskip10
Package: url 2013/09/16  ver 3.4  Verb mode for urls, etc.
)
LaTeX Info: Redefining \url on input line 5125.
\XeTeXLinkMargin=\dimen112
\Fld@menulength=\count95
\Field@Width=\dimen113
\Fld@charsize=\dimen114
Package hyperref Info: Hyper figures OFF on input line 6380.
Package hyperref Info: Link nesting OFF on input line 6385.
Package hyperref Info: Hyper index ON on input line 6388.
Package hyperref Info: backreferencing OFF on input line 6395.
Package hyperref Info: Link coloring OFF on input line 6400.
Package hyperref Info: Link coloring with OCG OFF on input line 6405.
Package hyperref Info: PDF/A mode OFF on input line 6410.
LaTeX Info: Redefining \ref on input line 6450.
LaTeX Info: Redefining \pageref on input line 6454.
\Hy@abspage=\count96
\c@Item=\count97
\c@Hfootnote=\count98
)
Package hyperref Info: Driver (autodetected): hpdftex.

(/usr/share/texmf-dist/tex/latex/hyperref/hpdftex.def
File: hpdftex.def 2018/11/30 v6.88e Hyperref driver for pdfTeX
\Fld@listcount=\count99
\c@bookmark@seq@number=\count100

(/usr/share/texmf-dist/tex/latex/oberdiek/rerunfilecheck.sty
Package: rerunfilecheck 2016/05/16 v1.8 Rerun checks for auxiliary files (HO)
Package uniquecounter Info: New unique counter `rerunfilecheck' on input line 2
82.
)
\Hy@SectionHShift=\skip43
)
(/usr/share/texmf-dist/tex/latex/graphics/graphicx.sty
Package: graphicx 2017/06/01 v1.1a Enhanced LaTeX Graphics (DPC,SPQR)

(/usr/share/texmf-dist/tex/latex/graphics/graphics.sty
Package: graphics 2017/06/25 v1.2c Standard LaTeX Graphics (DPC,SPQR)

(/usr/share/texmf-dist/tex/latex/graphics/trig.sty
Package: trig 2016/01/03 v1.10 sin cos tan (DPC)
)
(/usr/share/texmf-dist/tex/latex/graphics-cfg/graphics.cfg
File: graphics.cfg 2016/06/04 v1.11 sample graphics configuration
)
Package graphics Info: Driver file: pdftex.def on input line 99.
)
\Gin@req@height=\dimen115
\Gin@req@width=\dimen116
)
(/usr/share/texmf-dist/tex/latex/lastpage/lastpage.sty
Package: lastpage 2015/03/29 v1.2m Refers to last page's name (HMM; JPG)
)
(/usr/share/texmf-dist/tex/latex/isodate/isodate.sty
Package: isodate 2010/01/03 v2.30 Print dates with different formats (HH)

(/usr/share/texmf-dist/tex/latex/base/ifthen.sty
Package: ifthen 2014/09/29 v1.1c Standard LaTeX ifthen package (DPC)
)
(/usr/share/texmf-dist/tex/latex/substr/substr.sty
Package: substr 2009/10/20 v1.2 Handle substrings
\c@su@anzahl=\count101
)
(/usr/share/texmf-dist/tex/latex/isodate/english.idf
File: english.idf 2010/01/03 v2.30 Language definitions for isodate package (HH
)

Define commands for English date format
)
\c@iso@tmpmonth=\count102
\c@iso@yeartwo=\count103
\c@iso@slash=\count104
\c@iso@minus=\count105
\c@iso@dot=\count106
\c@iso@@slash=\count107
\c@iso@@minus=\count108
\c@iso@@dot=\count109
) (/usr/share/texmf-dist/tex/latex/booktabs/booktabs.sty
Package: booktabs 2016/04/27 v1.618033 publication quality tables
\heavyrulewidth=\dimen117
\lightrulewidth=\dimen118
\cmidrulewidth=\dimen119
\belowrulesep=\dimen120
\belowbottomsep=\dimen121
\aboverulesep=\dimen122
\abovetopsep=\dimen123
\cmidrulesep=\dimen124
\cmidrulekern=\dimen125
\defaultaddspace=\dimen126
\@cmidla=\count110
\@cmidlb=\count111
\@aboverulesep=\dimen127
\@belowrulesep=\dimen128
\@thisruleclass=\count112
\@lastruleclass=\count113
\@thisrulewidth=\dimen129
) (./graphviz.sty
Package: graphviz 
)
(/usr/share/texmf-dist/tex/latex/caption/subcaption.sty
Package: subcaption 2018/05/01 v1.1-162 Sub-captions (AR)

(/usr/share/texmf-dist/tex/latex/caption/caption.sty
Package: caption 2018/10/06 v3.3-154 Customizing captions (AR)

(/usr/share/texmf-dist/tex/latex/caption/caption3.sty
Package: caption3 2018/09/12 v1.8c caption3 kernel (AR)
Package caption3 Info: TeX engine: e-TeX on input line 64.
\captionmargin=\dimen130
\captionmargin@=\dimen131
\captionwidth=\dimen132
\caption@tempdima=\dimen133
\caption@indent=\dimen134
\caption@parindent=\dimen135
\caption@hangindent=\dimen136
)
\c@caption@flags=\count114
\c@ContinuedFloat=\count115
Package caption Info: hyperref package is loaded.
)
\c@subfigure=\count116
\c@subtable=\count117
)
(/usr/share/texmf-dist/tex/latex/cleveref/cleveref.sty
Package: cleveref 2018/03/27 v0.21.4 Intelligent cross-referencing
Package cleveref Info: `hyperref' support loaded on input line 2370.
LaTeX Info: Redefining \cref on input line 2370.
LaTeX Info: Redefining \Cref on input line 2370.
LaTeX Info: Redefining \crefrange on input line 2370.
LaTeX Info: Redefining \Crefrange on input line 2370.
LaTeX Info: Redefining \cpageref on input line 2370.
LaTeX Info: Redefining \Cpageref on input line 2370.
LaTeX Info: Redefining \cpagerefrange on input line 2370.
LaTeX Info: Redefining \Cpagerefrange on input line 2370.
LaTeX Info: Redefining \labelcref on input line 2370.
LaTeX Info: Redefining \labelcpageref on input line 2370.
)
(/usr/share/texmf-dist/tex/latex/hyperref/nameref.sty
Package: nameref 2016/05/21 v2.44 Cross-referencing by name of section

(/usr/share/texmf-dist/tex/generic/oberdiek/gettitlestring.sty
Package: gettitlestring 2016/05/16 v1.5 Cleanup title references (HO)
)
\c@section@level=\count118
)
(/usr/share/texmf-dist/tex/latex/sansmath/sansmath.sty
Package: sansmath 2007/02/28  ver 1.1 Donald Arseneau
\c@mv@sans=\count119
LaTeX Font Info:    Overwriting math alphabet `\mathrm' in version `sans'
(Font)                  OT1/cmr/m/n --> OT1/cmss/m/n on input line 103.
LaTeX Font Info:    Overwriting math alphabet `\mathsfsl' in version `sans'
(Font)                  OT1/cmss/m/sl --> OT1/cmss/m/sl on input line 104.
LaTeX Font Info:    Overwriting symbol font `operators' in version `sans'
(Font)                  OT1/cmr/m/n --> OT1/cmss/m/n on input line 105.
LaTeX Font Info:    Overwriting symbol font `letters' in version `sans'
(Font)                  OML/cmm/m/it --> OML/cmm/m/it on input line 109.
LaTeX Font Info:    Overwriting symbol font `symbols' in version `sans'
(Font)                  OMS/cmsy/m/n --> OMS/cmsy/m/n on input line 110.
LaTeX Font Info:    Overwriting math alphabet `\mathsfbf' in version `sans'
(Font)                  OT1/cmss/bx/sl --> OT1/cmss/bx/n on input line 112.
)
(/usr/share/texmf-dist/tex/generic/genmisc/nth.sty
Package: nth 2002/02/27
)
(/usr/share/texmf-dist/tex/latex/todonotes/todonotes.sty
Package: todonotes 2019/01/24 v1.1.2 Todonotes source and documentation.
Package: todonotes 2018/11/22

(/usr/share/texmf-dist/tex/latex/xkeyval/xkeyval.sty
Package: xkeyval 2014/12/03 v2.7a package option processing (HA)

(/usr/share/texmf-dist/tex/generic/xkeyval/xkeyval.tex
(/usr/share/texmf-dist/tex/generic/xkeyval/xkvutils.tex
\XKV@toks=\toks18
\XKV@tempa@toks=\toks19
)
\XKV@depth=\count120
File: xkeyval.tex 2014/12/03 v2.7a key=value parser (HA)
))
(/usr/share/texmf-site/tex/latex/pgf/frontendlayer/tikz.sty
(/usr/share/texmf-site/tex/latex/pgf/basiclayer/pgf.sty
(/usr/share/texmf-site/tex/latex/pgf/utilities/pgfrcs.sty
(/usr/share/texmf-site/tex/generic/pgf/utilities/pgfutil-common.tex
\pgfutil@everybye=\toks20
\pgfutil@tempdima=\dimen137
\pgfutil@tempdimb=\dimen138

(/usr/share/texmf-site/tex/generic/pgf/utilities/pgfutil-common-lists.tex))
(/usr/share/texmf-site/tex/generic/pgf/utilities/pgfutil-latex.def
\pgfutil@abb=\box27

(/usr/share/texmf-dist/tex/latex/ms/everyshi.sty
Package: everyshi 2001/05/15 v3.00 EveryShipout Package (MS)
))
(/usr/share/texmf-site/tex/generic/pgf/utilities/pgfrcs.code.tex
(/usr/share/texmf-site/tex/generic/pgf/pgf.revision.tex)
Package: pgfrcs 2020/01/08 v3.1.5b (3.1.5b)
))
Package: pgf 2020/01/08 v3.1.5b (3.1.5b)

(/usr/share/texmf-site/tex/latex/pgf/basiclayer/pgfcore.sty
(/usr/share/texmf-site/tex/latex/pgf/systemlayer/pgfsys.sty
(/usr/share/texmf-site/tex/generic/pgf/systemlayer/pgfsys.code.tex
Package: pgfsys 2020/01/08 v3.1.5b (3.1.5b)

(/usr/share/texmf-site/tex/generic/pgf/utilities/pgfkeys.code.tex
\pgfkeys@pathtoks=\toks21
\pgfkeys@temptoks=\toks22

(/usr/share/texmf-site/tex/generic/pgf/utilities/pgfkeysfiltered.code.tex
\pgfkeys@tmptoks=\toks23
))
\pgf@x=\dimen139
\pgf@y=\dimen140
\pgf@xa=\dimen141
\pgf@ya=\dimen142
\pgf@xb=\dimen143
\pgf@yb=\dimen144
\pgf@xc=\dimen145
\pgf@yc=\dimen146
\pgf@xd=\dimen147
\pgf@yd=\dimen148
\w@pgf@writea=\write3
\r@pgf@reada=\read1
\c@pgf@counta=\count121
\c@pgf@countb=\count122
\c@pgf@countc=\count123
\c@pgf@countd=\count124
\t@pgf@toka=\toks24
\t@pgf@tokb=\toks25
\t@pgf@tokc=\toks26
\pgf@sys@id@count=\count125

(/usr/share/texmf-site/tex/generic/pgf/systemlayer/pgf.cfg
File: pgf.cfg 2020/01/08 v3.1.5b (3.1.5b)
)
Driver file for pgf: pgfsys-pdftex.def

(/usr/share/texmf-site/tex/generic/pgf/systemlayer/pgfsys-pdftex.def
File: pgfsys-pdftex.def 2020/01/08 v3.1.5b (3.1.5b)

(/usr/share/texmf-site/tex/generic/pgf/systemlayer/pgfsys-common-pdf.def
File: pgfsys-common-pdf.def 2020/01/08 v3.1.5b (3.1.5b)
)))
(/usr/share/texmf-site/tex/generic/pgf/systemlayer/pgfsyssoftpath.code.tex
File: pgfsyssoftpath.code.tex 2020/01/08 v3.1.5b (3.1.5b)
\pgfsyssoftpath@smallbuffer@items=\count126
\pgfsyssoftpath@bigbuffer@items=\count127
)
(/usr/share/texmf-site/tex/generic/pgf/systemlayer/pgfsysprotocol.code.tex
File: pgfsysprotocol.code.tex 2020/01/08 v3.1.5b (3.1.5b)
))
(/usr/share/texmf-site/tex/generic/pgf/basiclayer/pgfcore.code.tex
Package: pgfcore 2020/01/08 v3.1.5b (3.1.5b)

(/usr/share/texmf-site/tex/generic/pgf/math/pgfmath.code.tex
(/usr/share/texmf-site/tex/generic/pgf/math/pgfmathcalc.code.tex
(/usr/share/texmf-site/tex/generic/pgf/math/pgfmathutil.code.tex)
(/usr/share/texmf-site/tex/generic/pgf/math/pgfmathparser.code.tex
\pgfmath@dimen=\dimen149
\pgfmath@count=\count128
\pgfmath@box=\box28
\pgfmath@toks=\toks27
\pgfmath@stack@operand=\toks28
\pgfmath@stack@operation=\toks29
)
(/usr/share/texmf-site/tex/generic/pgf/math/pgfmathfunctions.code.tex
(/usr/share/texmf-site/tex/generic/pgf/math/pgfmathfunctions.basic.code.tex)
(/usr/share/texmf-site/tex/generic/pgf/math/pgfmathfunctions.trigonometric.code
.tex)
(/usr/share/texmf-site/tex/generic/pgf/math/pgfmathfunctions.random.code.tex)
(/usr/share/texmf-site/tex/generic/pgf/math/pgfmathfunctions.comparison.code.te
x) (/usr/share/texmf-site/tex/generic/pgf/math/pgfmathfunctions.base.code.tex)
(/usr/share/texmf-site/tex/generic/pgf/math/pgfmathfunctions.round.code.tex)
(/usr/share/texmf-site/tex/generic/pgf/math/pgfmathfunctions.misc.code.tex)
(/usr/share/texmf-site/tex/generic/pgf/math/pgfmathfunctions.integerarithmetics
.code.tex))) (/usr/share/texmf-site/tex/generic/pgf/math/pgfmathfloat.code.tex
\c@pgfmathroundto@lastzeros=\count129
)) (/usr/share/texmf-site/tex/generic/pgf/math/pgfint.code.tex)
(/usr/share/texmf-site/tex/generic/pgf/basiclayer/pgfcorepoints.code.tex
File: pgfcorepoints.code.tex 2020/01/08 v3.1.5b (3.1.5b)
\pgf@picminx=\dimen150
\pgf@picmaxx=\dimen151
\pgf@picminy=\dimen152
\pgf@picmaxy=\dimen153
\pgf@pathminx=\dimen154
\pgf@pathmaxx=\dimen155
\pgf@pathminy=\dimen156
\pgf@pathmaxy=\dimen157
\pgf@xx=\dimen158
\pgf@xy=\dimen159
\pgf@yx=\dimen160
\pgf@yy=\dimen161
\pgf@zx=\dimen162
\pgf@zy=\dimen163
)
(/usr/share/texmf-site/tex/generic/pgf/basiclayer/pgfcorepathconstruct.code.tex
File: pgfcorepathconstruct.code.tex 2020/01/08 v3.1.5b (3.1.5b)
\pgf@path@lastx=\dimen164
\pgf@path@lasty=\dimen165
) (/usr/share/texmf-site/tex/generic/pgf/basiclayer/pgfcorepathusage.code.tex
File: pgfcorepathusage.code.tex 2020/01/08 v3.1.5b (3.1.5b)
\pgf@shorten@end@additional=\dimen166
\pgf@shorten@start@additional=\dimen167
)
(/usr/share/texmf-site/tex/generic/pgf/basiclayer/pgfcorescopes.code.tex
File: pgfcorescopes.code.tex 2020/01/08 v3.1.5b (3.1.5b)
\pgfpic=\box29
\pgf@hbox=\box30
\pgf@layerbox@main=\box31
\pgf@picture@serial@count=\count130
)
(/usr/share/texmf-site/tex/generic/pgf/basiclayer/pgfcoregraphicstate.code.tex
File: pgfcoregraphicstate.code.tex 2020/01/08 v3.1.5b (3.1.5b)
\pgflinewidth=\dimen168
)
(/usr/share/texmf-site/tex/generic/pgf/basiclayer/pgfcoretransformations.code.t
ex
File: pgfcoretransformations.code.tex 2020/01/08 v3.1.5b (3.1.5b)
\pgf@pt@x=\dimen169
\pgf@pt@y=\dimen170
\pgf@pt@temp=\dimen171
) (/usr/share/texmf-site/tex/generic/pgf/basiclayer/pgfcorequick.code.tex
File: pgfcorequick.code.tex 2020/01/08 v3.1.5b (3.1.5b)
)
(/usr/share/texmf-site/tex/generic/pgf/basiclayer/pgfcoreobjects.code.tex
File: pgfcoreobjects.code.tex 2020/01/08 v3.1.5b (3.1.5b)
)
(/usr/share/texmf-site/tex/generic/pgf/basiclayer/pgfcorepathprocessing.code.te
x
File: pgfcorepathprocessing.code.tex 2020/01/08 v3.1.5b (3.1.5b)
) (/usr/share/texmf-site/tex/generic/pgf/basiclayer/pgfcorearrows.code.tex
File: pgfcorearrows.code.tex 2020/01/08 v3.1.5b (3.1.5b)
\pgfarrowsep=\dimen172
)
(/usr/share/texmf-site/tex/generic/pgf/basiclayer/pgfcoreshade.code.tex
File: pgfcoreshade.code.tex 2020/01/08 v3.1.5b (3.1.5b)
\pgf@max=\dimen173
\pgf@sys@shading@range@num=\count131
\pgf@shadingcount=\count132
)
(/usr/share/texmf-site/tex/generic/pgf/basiclayer/pgfcoreimage.code.tex
File: pgfcoreimage.code.tex 2020/01/08 v3.1.5b (3.1.5b)

(/usr/share/texmf-site/tex/generic/pgf/basiclayer/pgfcoreexternal.code.tex
File: pgfcoreexternal.code.tex 2020/01/08 v3.1.5b (3.1.5b)
\pgfexternal@startupbox=\box32
))
(/usr/share/texmf-site/tex/generic/pgf/basiclayer/pgfcorelayers.code.tex
File: pgfcorelayers.code.tex 2020/01/08 v3.1.5b (3.1.5b)
)
(/usr/share/texmf-site/tex/generic/pgf/basiclayer/pgfcoretransparency.code.tex
File: pgfcoretransparency.code.tex 2020/01/08 v3.1.5b (3.1.5b)
) (/usr/share/texmf-site/tex/generic/pgf/basiclayer/pgfcorepatterns.code.tex
File: pgfcorepatterns.code.tex 2020/01/08 v3.1.5b (3.1.5b)
)
(/usr/share/texmf-site/tex/generic/pgf/basiclayer/pgfcorerdf.code.tex
File: pgfcorerdf.code.tex 2020/01/08 v3.1.5b (3.1.5b)
)))
(/usr/share/texmf-site/tex/generic/pgf/modules/pgfmoduleshapes.code.tex
File: pgfmoduleshapes.code.tex 2020/01/08 v3.1.5b (3.1.5b)
\pgfnodeparttextbox=\box33
)
(/usr/share/texmf-site/tex/generic/pgf/modules/pgfmoduleplot.code.tex
File: pgfmoduleplot.code.tex 2020/01/08 v3.1.5b (3.1.5b)
)
(/usr/share/texmf-site/tex/latex/pgf/compatibility/pgfcomp-version-0-65.sty
Package: pgfcomp-version-0-65 2020/01/08 v3.1.5b (3.1.5b)
\pgf@nodesepstart=\dimen174
\pgf@nodesepend=\dimen175
)
(/usr/share/texmf-site/tex/latex/pgf/compatibility/pgfcomp-version-1-18.sty
Package: pgfcomp-version-1-18 2020/01/08 v3.1.5b (3.1.5b)
))
(/usr/share/texmf-site/tex/latex/pgf/utilities/pgffor.sty
(/usr/share/texmf-site/tex/latex/pgf/utilities/pgfkeys.sty
(/usr/share/texmf-site/tex/generic/pgf/utilities/pgfkeys.code.tex))
(/usr/share/texmf-site/tex/latex/pgf/math/pgfmath.sty
(/usr/share/texmf-site/tex/generic/pgf/math/pgfmath.code.tex))
(/usr/share/texmf-site/tex/generic/pgf/utilities/pgffor.code.tex
Package: pgffor 2020/01/08 v3.1.5b (3.1.5b)

(/usr/share/texmf-site/tex/generic/pgf/math/pgfmath.code.tex)
\pgffor@iter=\dimen176
\pgffor@skip=\dimen177
\pgffor@stack=\toks30
\pgffor@toks=\toks31
))
(/usr/share/texmf-site/tex/generic/pgf/frontendlayer/tikz/tikz.code.tex
Package: tikz 2020/01/08 v3.1.5b (3.1.5b)

(/usr/share/texmf-site/tex/generic/pgf/libraries/pgflibraryplothandlers.code.te
x
File: pgflibraryplothandlers.code.tex 2020/01/08 v3.1.5b (3.1.5b)
\pgf@plot@mark@count=\count133
\pgfplotmarksize=\dimen178
)
\tikz@lastx=\dimen179
\tikz@lasty=\dimen180
\tikz@lastxsaved=\dimen181
\tikz@lastysaved=\dimen182
\tikz@lastmovetox=\dimen183
\tikz@lastmovetoy=\dimen184
\tikzleveldistance=\dimen185
\tikzsiblingdistance=\dimen186
\tikz@figbox=\box34
\tikz@figbox@bg=\box35
\tikz@tempbox=\box36
\tikz@tempbox@bg=\box37
\tikztreelevel=\count134
\tikznumberofchildren=\count135
\tikznumberofcurrentchild=\count136
\tikz@fig@count=\count137
 (/usr/share/texmf-site/tex/generic/pgf/modules/pgfmodulematrix.code.tex
File: pgfmodulematrix.code.tex 2020/01/08 v3.1.5b (3.1.5b)
\pgfmatrixcurrentrow=\count138
\pgfmatrixcurrentcolumn=\count139
\pgf@matrix@numberofcolumns=\count140
)
\tikz@expandcount=\count141

(/usr/share/texmf-site/tex/generic/pgf/frontendlayer/tikz/libraries/tikzlibrary
topaths.code.tex
File: tikzlibrarytopaths.code.tex 2020/01/08 v3.1.5b (3.1.5b)
)))
(/usr/share/texmf-site/tex/generic/pgf/frontendlayer/tikz/libraries/tikzlibrary
positioning.code.tex
File: tikzlibrarypositioning.code.tex 2020/01/08 v3.1.5b (3.1.5b)
)
(/usr/share/texmf-site/tex/generic/pgf/frontendlayer/tikz/libraries/tikzlibrary
shadows.code.tex
File: tikzlibraryshadows.code.tex 2020/01/08 v3.1.5b (3.1.5b)

(/usr/share/texmf-site/tex/generic/pgf/frontendlayer/tikz/libraries/tikzlibrary
fadings.code.tex
File: tikzlibraryfadings.code.tex 2020/01/08 v3.1.5b (3.1.5b)

(/usr/share/texmf-site/tex/generic/pgf/libraries/pgflibraryfadings.code.tex
File: pgflibraryfadings.code.tex 2020/01/08 v3.1.5b (3.1.5b)
)))
(/usr/share/texmf-dist/tex/latex/tools/calc.sty
Package: calc 2017/05/25 v4.3 Infix arithmetic (KKT,FJ)
\calc@Acount=\count142
\calc@Bcount=\count143
\calc@Adimen=\dimen187
\calc@Bdimen=\dimen188
\calc@Askip=\skip44
\calc@Bskip=\skip45
LaTeX Info: Redefining \setlength on input line 80.
LaTeX Info: Redefining \addtolength on input line 81.
\calc@Ccount=\count144
\calc@Cskip=\skip46
)
\c@@todonotes@numberoftodonotes=\count145
)
\c@pysessioncounter=\count146

(/usr/share/texmf-dist/tex/latex/fancyhdr/fancyhdr.sty
Package: fancyhdr 2019/01/31 v3.10 Extensive control of page headers and footer
s
\f@nch@headwidth=\skip47
\f@nch@O@elh=\skip48
\f@nch@O@erh=\skip49
\f@nch@O@olh=\skip50
\f@nch@O@orh=\skip51
\f@nch@O@elf=\skip52
\f@nch@O@erf=\skip53
\f@nch@O@olf=\skip54
\f@nch@O@orf=\skip55
)
(/usr/share/texmf-dist/tex/latex/etoolbox/etoolbox.sty
Package: etoolbox 2018/08/19 v2.5f e-TeX tools for LaTeX (JAW)
\etb@tempcnta=\count147
)
(/usr/share/texmf-dist/tex/latex/titling/titling.sty
Package: titling 2009/09/04 v2.1d maketitle typesetting
\thanksmarkwidth=\skip56
\thanksmargin=\skip57
\droptitle=\skip58
)
(/usr/share/texmf-dist/tex/latex/titlesec/titlesec.sty
Package: titlesec 2016/03/21 v2.10.2 Sectioning titles
\ttl@box=\box38
\beforetitleunit=\skip59
\aftertitleunit=\skip60
\ttl@plus=\dimen189
\ttl@minus=\dimen190
\ttl@toksa=\toks32
\titlewidth=\dimen191
\titlewidthlast=\dimen192
\titlewidthfirst=\dimen193
)
(/usr/share/texmf-site/tex/latex/pythontex/pythontex.sty
Package: pythontex 2017/07/20 v0.16 execute and typeset Python code and other l
anguages

(/usr/share/texmf-dist/tex/latex/fvextra/fvextra.sty
Package: fvextra 2019/02/04 v1.4 fvextra - extensions and patches for fancyvrb

(/usr/share/texmf-dist/tex/latex/fancyvrb/fancyvrb.sty
Package: fancyvrb 2019/01/15

Style option: `fancyvrb' v3.2a <2019/01/15> (tvz)
\FV@CodeLineNo=\count148
\FV@InFile=\read2
\FV@TabBox=\box39
\c@FancyVerbLine=\count149
\FV@StepNumber=\count150
\FV@OutFile=\write4
)
(/usr/share/texmf-dist/tex/latex/upquote/upquote.sty
Package: upquote 2012/04/19 v1.3 upright-quote and grave-accent glyphs in verba
tim

(/usr/share/texmf-dist/tex/latex/base/textcomp.sty
Package: textcomp 2018/08/11 v2.0j Standard LaTeX package
Package textcomp Info: Sub-encoding information:
(textcomp)               5 = only ISO-Adobe without \textcurrency
(textcomp)               4 = 5 + \texteuro
(textcomp)               3 = 4 + \textohm
(textcomp)               2 = 3 + \textestimated + \textcurrency
(textcomp)               1 = TS1 - \textcircled - \t
(textcomp)               0 = TS1 (full)
(textcomp)             Font families with sub-encoding setting implement
(textcomp)             only a restricted character set as indicated.
(textcomp)             Family '?' is the default used for unknown fonts.
(textcomp)             See the documentation for details.
Package textcomp Info: Setting ? sub-encoding to TS1/1 on input line 79.

(/usr/share/texmf-dist/tex/latex/base/ts1enc.def
File: ts1enc.def 2001/06/05 v3.0e (jk/car/fm) Standard LaTeX file
Now handling font encoding TS1 ...
... processing UTF-8 mapping file for font encoding TS1

(/usr/share/texmf-dist/tex/latex/base/ts1enc.dfu
File: ts1enc.dfu 2018/10/05 v1.2f UTF-8 support for inputenc
   defining Unicode char U+00A2 (decimal 162)
   defining Unicode char U+00A3 (decimal 163)
   defining Unicode char U+00A4 (decimal 164)
   defining Unicode char U+00A5 (decimal 165)
   defining Unicode char U+00A6 (decimal 166)
   defining Unicode char U+00A7 (decimal 167)
   defining Unicode char U+00A8 (decimal 168)
   defining Unicode char U+00A9 (decimal 169)
   defining Unicode char U+00AA (decimal 170)
   defining Unicode char U+00AC (decimal 172)
   defining Unicode char U+00AE (decimal 174)
   defining Unicode char U+00AF (decimal 175)
   defining Unicode char U+00B0 (decimal 176)
   defining Unicode char U+00B1 (decimal 177)
   defining Unicode char U+00B2 (decimal 178)
   defining Unicode char U+00B3 (decimal 179)
   defining Unicode char U+00B4 (decimal 180)
   defining Unicode char U+00B5 (decimal 181)
   defining Unicode char U+00B6 (decimal 182)
   defining Unicode char U+00B7 (decimal 183)
   defining Unicode char U+00B9 (decimal 185)
   defining Unicode char U+00BA (decimal 186)
   defining Unicode char U+00BC (decimal 188)
   defining Unicode char U+00BD (decimal 189)
   defining Unicode char U+00BE (decimal 190)
   defining Unicode char U+00D7 (decimal 215)
   defining Unicode char U+00F7 (decimal 247)
   defining Unicode char U+0192 (decimal 402)
   defining Unicode char U+02C7 (decimal 711)
   defining Unicode char U+02D8 (decimal 728)
   defining Unicode char U+02DD (decimal 733)
   defining Unicode char U+0E3F (decimal 3647)
   defining Unicode char U+2016 (decimal 8214)
   defining Unicode char U+2020 (decimal 8224)
   defining Unicode char U+2021 (decimal 8225)
   defining Unicode char U+2022 (decimal 8226)
   defining Unicode char U+2030 (decimal 8240)
   defining Unicode char U+2031 (decimal 8241)
   defining Unicode char U+203B (decimal 8251)
   defining Unicode char U+203D (decimal 8253)
   defining Unicode char U+2044 (decimal 8260)
   defining Unicode char U+204E (decimal 8270)
   defining Unicode char U+2052 (decimal 8274)
   defining Unicode char U+20A1 (decimal 8353)
   defining Unicode char U+20A4 (decimal 8356)
   defining Unicode char U+20A6 (decimal 8358)
   defining Unicode char U+20A9 (decimal 8361)
   defining Unicode char U+20AB (decimal 8363)
   defining Unicode char U+20AC (decimal 8364)
   defining Unicode char U+20B1 (decimal 8369)
   defining Unicode char U+2103 (decimal 8451)
   defining Unicode char U+2116 (decimal 8470)
   defining Unicode char U+2117 (decimal 8471)
   defining Unicode char U+211E (decimal 8478)
   defining Unicode char U+2120 (decimal 8480)
   defining Unicode char U+2122 (decimal 8482)
   defining Unicode char U+2126 (decimal 8486)
   defining Unicode char U+2127 (decimal 8487)
   defining Unicode char U+212E (decimal 8494)
   defining Unicode char U+2190 (decimal 8592)
   defining Unicode char U+2191 (decimal 8593)
   defining Unicode char U+2192 (decimal 8594)
   defining Unicode char U+2193 (decimal 8595)
   defining Unicode char U+2329 (decimal 9001)
   defining Unicode char U+232A (decimal 9002)
   defining Unicode char U+2422 (decimal 9250)
   defining Unicode char U+25E6 (decimal 9702)
   defining Unicode char U+25EF (decimal 9711)
   defining Unicode char U+266A (decimal 9834)
   defining Unicode char U+FEFF (decimal 65279)
))
LaTeX Info: Redefining \oldstylenums on input line 334.
Package textcomp Info: Setting cmr sub-encoding to TS1/0 on input line 349.
Package textcomp Info: Setting cmss sub-encoding to TS1/0 on input line 350.
Package textcomp Info: Setting cmtt sub-encoding to TS1/0 on input line 351.
Package textcomp Info: Setting cmvtt sub-encoding to TS1/0 on input line 352.
Package textcomp Info: Setting cmbr sub-encoding to TS1/0 on input line 353.
Package textcomp Info: Setting cmtl sub-encoding to TS1/0 on input line 354.
Package textcomp Info: Setting ccr sub-encoding to TS1/0 on input line 355.
Package textcomp Info: Setting ptm sub-encoding to TS1/4 on input line 356.
Package textcomp Info: Setting pcr sub-encoding to TS1/4 on input line 357.
Package textcomp Info: Setting phv sub-encoding to TS1/4 on input line 358.
Package textcomp Info: Setting ppl sub-encoding to TS1/3 on input line 359.
Package textcomp Info: Setting pag sub-encoding to TS1/4 on input line 360.
Package textcomp Info: Setting pbk sub-encoding to TS1/4 on input line 361.
Package textcomp Info: Setting pnc sub-encoding to TS1/4 on input line 362.
Package textcomp Info: Setting pzc sub-encoding to TS1/4 on input line 363.
Package textcomp Info: Setting bch sub-encoding to TS1/4 on input line 364.
Package textcomp Info: Setting put sub-encoding to TS1/5 on input line 365.
Package textcomp Info: Setting uag sub-encoding to TS1/5 on input line 366.
Package textcomp Info: Setting ugq sub-encoding to TS1/5 on input line 367.
Package textcomp Info: Setting ul8 sub-encoding to TS1/4 on input line 368.
Package textcomp Info: Setting ul9 sub-encoding to TS1/4 on input line 369.
Package textcomp Info: Setting augie sub-encoding to TS1/5 on input line 370.
Package textcomp Info: Setting dayrom sub-encoding to TS1/3 on input line 371.
Package textcomp Info: Setting dayroms sub-encoding to TS1/3 on input line 372.

Package textcomp Info: Setting pxr sub-encoding to TS1/0 on input line 373.
Package textcomp Info: Setting pxss sub-encoding to TS1/0 on input line 374.
Package textcomp Info: Setting pxtt sub-encoding to TS1/0 on input line 375.
Package textcomp Info: Setting txr sub-encoding to TS1/0 on input line 376.
Package textcomp Info: Setting txss sub-encoding to TS1/0 on input line 377.
Package textcomp Info: Setting txtt sub-encoding to TS1/0 on input line 378.
Package textcomp Info: Setting lmr sub-encoding to TS1/0 on input line 379.
Package textcomp Info: Setting lmdh sub-encoding to TS1/0 on input line 380.
Package textcomp Info: Setting lmss sub-encoding to TS1/0 on input line 381.
Package textcomp Info: Setting lmssq sub-encoding to TS1/0 on input line 382.
Package textcomp Info: Setting lmvtt sub-encoding to TS1/0 on input line 383.
Package textcomp Info: Setting lmtt sub-encoding to TS1/0 on input line 384.
Package textcomp Info: Setting qhv sub-encoding to TS1/0 on input line 385.
Package textcomp Info: Setting qag sub-encoding to TS1/0 on input line 386.
Package textcomp Info: Setting qbk sub-encoding to TS1/0 on input line 387.
Package textcomp Info: Setting qcr sub-encoding to TS1/0 on input line 388.
Package textcomp Info: Setting qcs sub-encoding to TS1/0 on input line 389.
Package textcomp Info: Setting qpl sub-encoding to TS1/0 on input line 390.
Package textcomp Info: Setting qtm sub-encoding to TS1/0 on input line 391.
Package textcomp Info: Setting qzc sub-encoding to TS1/0 on input line 392.
Package textcomp Info: Setting qhvc sub-encoding to TS1/0 on input line 393.
Package textcomp Info: Setting futs sub-encoding to TS1/4 on input line 394.
Package textcomp Info: Setting futx sub-encoding to TS1/4 on input line 395.
Package textcomp Info: Setting futj sub-encoding to TS1/4 on input line 396.
Package textcomp Info: Setting hlh sub-encoding to TS1/3 on input line 397.
Package textcomp Info: Setting hls sub-encoding to TS1/3 on input line 398.
Package textcomp Info: Setting hlst sub-encoding to TS1/3 on input line 399.
Package textcomp Info: Setting hlct sub-encoding to TS1/5 on input line 400.
Package textcomp Info: Setting hlx sub-encoding to TS1/5 on input line 401.
Package textcomp Info: Setting hlce sub-encoding to TS1/5 on input line 402.
Package textcomp Info: Setting hlcn sub-encoding to TS1/5 on input line 403.
Package textcomp Info: Setting hlcw sub-encoding to TS1/5 on input line 404.
Package textcomp Info: Setting hlcf sub-encoding to TS1/5 on input line 405.
Package textcomp Info: Setting pplx sub-encoding to TS1/3 on input line 406.
Package textcomp Info: Setting pplj sub-encoding to TS1/3 on input line 407.
Package textcomp Info: Setting ptmx sub-encoding to TS1/4 on input line 408.
Package textcomp Info: Setting ptmj sub-encoding to TS1/4 on input line 409.
))
(/usr/share/texmf-dist/tex/latex/lineno/lineno.sty
Package: lineno 2005/11/02 line numbers on paragraphs v4.41
\linenopenalty=\count151
\output=\toks33
\linenoprevgraf=\count152
\linenumbersep=\dimen194
\linenumberwidth=\dimen195
\c@linenumber=\count153
\c@pagewiselinenumber=\count154
\c@LN@truepage=\count155
\c@internallinenumber=\count156
\c@internallinenumbers=\count157
\quotelinenumbersep=\dimen196
\bframerule=\dimen197
\bframesep=\dimen198
\bframebox=\box40
LaTeX Info: Redefining \\ on input line 3056.
)
\c@FV@TrueTabGroupLevel=\count158
\c@FV@TrueTabCounter=\count159
\FV@TabBox@Group=\box41
\FV@TmpLength=\skip61
\c@FV@HighlightLinesStart=\count160
\c@FV@HighlightLinesStop=\count161
\FV@LoopCount=\count162
\FV@NCharsBox=\box42
\FV@BreakIndent=\dimen199
\FV@BreakIndentNChars=\count163
\FV@BreakSymbolSepLeft=\dimen256
\FV@BreakSymbolSepLeftNChars=\count164
\FV@BreakSymbolSepRight=\dimen257
\FV@BreakSymbolSepRightNChars=\count165
\FV@BreakSymbolIndentLeft=\dimen258
\FV@BreakSymbolIndentLeftNChars=\count166
\FV@BreakSymbolIndentRight=\dimen259
\FV@BreakSymbolIndentRightNChars=\count167
\c@FancyVerbLineBreakLast=\count168
\FV@LineBox=\box43
\FV@LineIndentBox=\box44
\FV@LineWidth=\dimen260
)
(/usr/share/texmf-dist/tex/generic/xstring/xstring.sty
(/usr/share/texmf-dist/tex/generic/xstring/xstring.tex
\integerpart=\count169
\decimalpart=\count170
)
Package: xstring 2019/02/06 v1.83 String manipulations (CT)
)
(/usr/share/texmf-dist/tex/latex/pgfopts/pgfopts.sty
Package: pgfopts 2014/07/10 v2.1a LaTeX package options with pgfkeys
\pgfopts@list@add@a@toks=\toks34
\pgfopts@list@add@b@toks=\toks35
)
(/usr/share/texmf-dist/tex/latex/caption/newfloat.sty
Package: newfloat 2018/03/04 v1.1a Defining new floating environments (AR)
Package newfloat Info: Unsupported document class, or \@chapter 
(newfloat)             was already redefined by another package.
Package newfloat Info: \@chapter = macro:[#1]#2->\NR@gettitle {#1}\NR@chapter [
{#1}]{#2}.
Package newfloat Info: \Hy@org@chapter = undefined.
Package newfloat Info: Trying Plan B...
)
(/usr/share/texmf-dist/tex/latex/currfile/currfile.sty
Package: currfile 2015/04/23 v0.7c Provides the file path elements of the curre
nt input file

(/usr/share/texmf-dist/tex/latex/filehook/filehook.sty
Package: filehook 2011/10/12 v0.5d Hooks for input files
)
\c@currfiledepth=\count171
)
\pytx@codefile=\write5
\openout5 = `article.pytxcode'.

\c@pytx@FancyVerbLineTemp=\count172
\c@pytx@py@default@default=\count173
\c@pytx@pycon@default@default=\count174
\c@pytx@sympy@default@default=\count175
\c@pytx@sympycon@default@default=\count176
\c@pytx@pylab@default@default=\count177
\c@pytx@pylabcon@default@default=\count178
)
(./pythontex/functions.py
\c@pytx@CC:py:begin@none@none=\count179
\c@pytx@CC:py:end@none@none=\count180
)) (/usr/share/texmf-dist/tex/latex/natbib/natbib.sty
Package: natbib 2010/09/13 8.31b (PWD, AO)
\bibhang=\skip62
\bibsep=\skip63
LaTeX Info: Redefining \cite on input line 694.
\c@NAT@ctr=\count181
) (./common_header.tex (/usr/share/texmf-dist/tex/latex/makecell/makecell.sty
Package: makecell 2009/08/03 V0.1e Managing of Tab Column Heads and Cells

(/usr/share/texmf-dist/tex/latex/tools/array.sty
Package: array 2018/12/30 v2.4k Tabular extension package (FMi)
\col@sep=\dimen261
\ar@mcellbox=\box45
\extrarowheight=\dimen262
\NC@list=\toks36
\extratabsurround=\skip64
\backup@length=\skip65
\ar@cellbox=\box46
)
\rotheadsize=\dimen263
\c@nlinenum=\count182
\TeXr@lab=\toks37
)
(/usr/share/texmf-dist/tex/latex/siunitx/siunitx.sty
(/usr/share/texmf-dist/tex/latex/l3kernel/expl3.sty
Package: expl3 2019-05-09 L3 programming layer (loader) 

(/usr/share/texmf-dist/tex/latex/l3kernel/expl3-code.tex
Package: expl3 2019-05-09 L3 programming layer (code)
\c_max_int=\count183
\l_tmpa_int=\count184
\l_tmpb_int=\count185
\g_tmpa_int=\count186
\g_tmpb_int=\count187
\g__kernel_prg_map_int=\count188
\c__ior_term_ior=\count189
\c_log_iow=\count190
\l_iow_line_count_int=\count191
\l__iow_line_target_int=\count192
\l__iow_one_indent_int=\count193
\l__iow_indent_int=\count194
\c_zero_dim=\dimen264
\c_max_dim=\dimen265
\l_tmpa_dim=\dimen266
\l_tmpb_dim=\dimen267
\g_tmpa_dim=\dimen268
\g_tmpb_dim=\dimen269
\c_zero_skip=\skip66
\c_max_skip=\skip67
\l_tmpa_skip=\skip68
\l_tmpb_skip=\skip69
\g_tmpa_skip=\skip70
\g_tmpb_skip=\skip71
\c_zero_muskip=\muskip11
\c_max_muskip=\muskip12
\l_tmpa_muskip=\muskip13
\l_tmpb_muskip=\muskip14
\g_tmpa_muskip=\muskip15
\g_tmpb_muskip=\muskip16
\l_keys_choice_int=\count195
\l__intarray_loop_int=\count196
\c__intarray_sp_dim=\dimen270
\g__intarray_font_int=\count197
\c__fp_leading_shift_int=\count198
\c__fp_middle_shift_int=\count199
\c__fp_trailing_shift_int=\count266
\c__fp_big_leading_shift_int=\count267
\c__fp_big_middle_shift_int=\count268
\c__fp_big_trailing_shift_int=\count269
\c__fp_Bigg_leading_shift_int=\count270
\c__fp_Bigg_middle_shift_int=\count271
\c__fp_Bigg_trailing_shift_int=\count272
\c__kernel_randint_max_int=\count273
\g__fp_array_int=\count274
\l__fp_array_loop_int=\count275
\l__sort_length_int=\count276
\l__sort_min_int=\count277
\l__sort_top_int=\count278
\l__sort_max_int=\count279
\l__sort_true_max_int=\count280
\l__sort_block_int=\count281
\l__sort_begin_int=\count282
\l__sort_end_int=\count283
\l__sort_A_int=\count284
\l__sort_B_int=\count285
\l__sort_C_int=\count286
\l__tl_analysis_normal_int=\count287
\l__tl_analysis_index_int=\count288
\l__tl_analysis_nesting_int=\count289
\l__tl_analysis_type_int=\count290
\l__regex_internal_a_int=\count291
\l__regex_internal_b_int=\count292
\l__regex_internal_c_int=\count293
\l__regex_balance_int=\count294
\l__regex_group_level_int=\count295
\l__regex_mode_int=\count296
\c__regex_cs_in_class_mode_int=\count297
\c__regex_cs_mode_int=\count298
\l__regex_catcodes_int=\count299
\l__regex_default_catcodes_int=\count300
\c__regex_catcode_D_int=\count301
\c__regex_catcode_S_int=\count302
\c__regex_catcode_L_int=\count303
\c__regex_catcode_O_int=\count304
\c__regex_catcode_A_int=\count305
\c__regex_all_catcodes_int=\count306
\l__regex_show_lines_int=\count307
\l__regex_min_state_int=\count308
\l__regex_max_state_int=\count309
\l__regex_left_state_int=\count310
\l__regex_right_state_int=\count311
\l__regex_capturing_group_int=\count312
\l__regex_min_pos_int=\count313
\l__regex_max_pos_int=\count314
\l__regex_curr_pos_int=\count315
\l__regex_start_pos_int=\count316
\l__regex_success_pos_int=\count317
\l__regex_curr_char_int=\count318
\l__regex_curr_catcode_int=\count319
\l__regex_last_char_int=\count320
\l__regex_case_changed_char_int=\count321
\l__regex_curr_state_int=\count322
\l__regex_step_int=\count323
\l__regex_min_active_int=\count324
\l__regex_max_active_int=\count325
\l__regex_replacement_csnames_int=\count326
\l__regex_match_count_int=\count327
\l__regex_min_submatch_int=\count328
\l__regex_submatch_int=\count329
\l__regex_zeroth_submatch_int=\count330
\g__regex_trace_regex_int=\count331
\c_empty_box=\box47
\l_tmpa_box=\box48
\l_tmpb_box=\box49
\g_tmpa_box=\box50
\g_tmpb_box=\box51
\l__box_top_dim=\dimen271
\l__box_bottom_dim=\dimen272
\l__box_left_dim=\dimen273
\l__box_right_dim=\dimen274
\l__box_top_new_dim=\dimen275
\l__box_bottom_new_dim=\dimen276
\l__box_left_new_dim=\dimen277
\l__box_right_new_dim=\dimen278
\l__box_internal_box=\box52
\l__coffin_internal_box=\box53
\l__coffin_internal_dim=\dimen279
\l__coffin_offset_x_dim=\dimen280
\l__coffin_offset_y_dim=\dimen281
\l__coffin_x_dim=\dimen282
\l__coffin_y_dim=\dimen283
\l__coffin_x_prime_dim=\dimen284
\l__coffin_y_prime_dim=\dimen285
\c_empty_coffin=\box54
\l__coffin_aligned_coffin=\box55
\l__coffin_aligned_internal_coffin=\box56
\l_tmpa_coffin=\box57
\l_tmpb_coffin=\box58
\g_tmpa_coffin=\box59
\g_tmpb_coffin=\box60
\l__coffin_bounding_shift_dim=\dimen286
\l__coffin_left_corner_dim=\dimen287
\l__coffin_right_corner_dim=\dimen288
\l__coffin_bottom_corner_dim=\dimen289
\l__coffin_top_corner_dim=\dimen290
\l__coffin_scaled_total_height_dim=\dimen291
\l__coffin_scaled_width_dim=\dimen292
\c__coffin_empty_coffin=\box61
\l__coffin_display_coffin=\box62
\l__coffin_display_coord_coffin=\box63
\l__coffin_display_pole_coffin=\box64
\l__coffin_display_offset_dim=\dimen293
\l__coffin_display_x_dim=\dimen294
\l__coffin_display_y_dim=\dimen295
\g__file_internal_ior=\read3
\l__seq_internal_a_int=\count332
\l__seq_internal_b_int=\count333
\c__deprecation_minus_one=\count334
)
(/usr/share/texmf-dist/tex/latex/l3kernel/l3pdfmode.def
File: l3pdfmode.def 2019-04-06 v L3 Experimental driver: PDF mode
\l__driver_internal_box=\box65
\l__driver_color_stack_int=\count335
))
(/usr/share/texmf-dist/tex/latex/l3packages/xparse/xparse.sty
Package: xparse 2019-05-03 L3 Experimental document command parser
\l__xparse_current_arg_int=\count336
\g__xparse_grabber_int=\count337
\l__xparse_m_args_int=\count338
\l__xparse_v_nesting_int=\count339
)
Package: siunitx 2018/05/17 v2.7s A comprehensive (SI) units package

(/usr/share/texmf-dist/tex/latex/amsmath/amstext.sty
Package: amstext 2000/06/29 v2.01 AMS text

(/usr/share/texmf-dist/tex/latex/amsmath/amsgen.sty
File: amsgen.sty 1999/11/30 v2.0 generic functions
\@emptytoks=\toks38
\ex@=\dimen296
))
(/usr/share/texmf-dist/tex/latex/l3packages/l3keys2e/l3keys2e.sty
Package: l3keys2e 2019-05-03 LaTeX2e option processing using LaTeX3 keys
)
\l__siunitx_tmp_box=\box66
\l__siunitx_tmp_dim=\dimen297
\l__siunitx_tmp_int=\count340
\l__siunitx_number_mantissa_length_int=\count341
\l__siunitx_number_uncert_length_int=\count342
\l__siunitx_round_int=\count343
\l__siunitx_process_decimal_int=\count344
\l__siunitx_process_uncertainty_int=\count345
\l__siunitx_process_fixed_int=\count346
\l__siunitx_process_integer_min_int=\count347
\l__siunitx_process_precision_int=\count348
\l__siunitx_group_min_int=\count349
\l__siunitx_angle_marker_box=\box67
\l__siunitx_angle_unit_box=\box68
\l__siunitx_angle_marker_dim=\dimen298
\l__siunitx_angle_unit_dim=\dimen299
\l__siunitx_unit_int=\count350
\l__siunitx_unit_denominator_int=\count351
\l__siunitx_unit_numerator_int=\count352
\l__siunitx_unit_prefix_int=\count353
\l__siunitx_unit_prefix_base_int=\count354
\l__siunitx_unit_prefix_gram_int=\count355
\l__siunitx_number_product_int=\count356
\c__siunitx_one_fill_skip=\skip72
\l__siunitx_table_unit_align_skip=\skip73
\l__siunitx_table_exponent_dim=\dimen300
\l__siunitx_table_integer_dim=\dimen301
\l__siunitx_table_mantissa_dim=\dimen302
\l__siunitx_table_marker_dim=\dimen303
\l__siunitx_table_result_dim=\dimen304
\l__siunitx_table_uncert_dim=\dimen305
\l__siunitx_table_fill_pre_dim=\dimen306
\l__siunitx_table_fill_post_dim=\dimen307
\l__siunitx_table_fill_mid_dim=\dimen308
\l__siunitx_table_pre_box=\box69
\l__siunitx_table_post_box=\box70
\l__siunitx_table_mantissa_box=\box71
\l__siunitx_table_result_box=\box72
\l__siunitx_table_number_align_skip=\skip74
\l__siunitx_table_text_align_skip=\skip75

(/usr/share/texmf-dist/tex/latex/translator/translator.sty
Package: translator 2018/01/04 v1.12 Easy translation of strings in LaTeX
))) (./article.aux)
\openout1 = `article.aux'.

LaTeX Font Info:    Checking defaults for OML/cmm/m/it on input line 17.
LaTeX Font Info:    ... okay on input line 17.
LaTeX Font Info:    Checking defaults for T1/cmr/m/n on input line 17.
LaTeX Font Info:    ... okay on input line 17.
LaTeX Font Info:    Checking defaults for OT1/cmr/m/n on input line 17.
LaTeX Font Info:    ... okay on input line 17.
LaTeX Font Info:    Checking defaults for OMS/cmsy/m/n on input line 17.
LaTeX Font Info:    ... okay on input line 17.
LaTeX Font Info:    Checking defaults for OMX/cmex/m/n on input line 17.
LaTeX Font Info:    ... okay on input line 17.
LaTeX Font Info:    Checking defaults for U/cmr/m/n on input line 17.
LaTeX Font Info:    ... okay on input line 17.
LaTeX Font Info:    Checking defaults for PD1/pdf/m/n on input line 17.
LaTeX Font Info:    ... okay on input line 17.
LaTeX Font Info:    Checking defaults for TS1/cmr/m/n on input line 17.
LaTeX Font Info:    Try loading font information for TS1+cmr on input line 17.

(/usr/share/texmf-dist/tex/latex/base/ts1cmr.fd
File: ts1cmr.fd 2014/09/29 v2.5h Standard LaTeX font definitions
)
LaTeX Font Info:    ... okay on input line 17.

(/usr/share/texmf-dist/tex/context/base/mkii/supp-pdf.mkii
[Loading MPS to PDF converter (version 2006.09.02).]
\scratchcounter=\count357
\scratchdimen=\dimen309
\scratchbox=\box73
\nofMPsegments=\count358
\nofMParguments=\count359
\everyMPshowfont=\toks39
\MPscratchCnt=\count360
\MPscratchDim=\dimen310
\MPnumerator=\count361
\makeMPintoPDFobject=\count362
\everyMPtoPDFconversion=\toks40
) (/usr/share/texmf-dist/tex/latex/oberdiek/epstopdf-base.sty
Package: epstopdf-base 2016/05/15 v2.6 Base part for package epstopdf

(/usr/share/texmf-dist/tex/latex/oberdiek/grfext.sty
Package: grfext 2016/05/16 v1.2 Manage graphics extensions (HO)
)
Package epstopdf-base Info: Redefining graphics rule for `.eps' on input line 4
38.
Package grfext Info: Graphics extension search list:
(grfext)             [.pdf,.png,.jpg,.mps,.jpeg,.jbig2,.jb2,.PDF,.PNG,.JPG,.JPE
G,.JBIG2,.JB2,.eps]
(grfext)             \AppendGraphicsExtensions on input line 456.

(/usr/share/texmf-dist/tex/latex/latexconfig/epstopdf-sys.cfg
File: epstopdf-sys.cfg 2010/07/13 v1.3 Configuration of (r)epstopdf for TeX Liv
e
))
*geometry* driver: auto-detecting
*geometry* detected driver: pdftex
*geometry* verbose mode - [ preamble ] result:
* driver: pdftex
* paper: a4paper
* layout: <same size as paper>
* layoutoffset:(h,v)=(0.0pt,0.0pt)
* modes: includehead includefoot 
* h-part:(L,W,R)=(56.9055pt, 483.69687pt, 56.9055pt)
* v-part:(T,H,B)=(28.45274pt, 773.91498pt, 42.67912pt)
* \paperwidth=597.50787pt
* \paperheight=845.04684pt
* \textwidth=483.69687pt
* \textheight=706.91498pt
* \oddsidemargin=-15.36449pt
* \evensidemargin=-15.36449pt
* \topmargin=-43.81725pt
* \headheight=12.0pt
* \headsep=25.0pt
* \topskip=10.0pt
* \footskip=30.0pt
* \marginparwidth=4.0pt
* \marginparsep=10.0pt
* \columnsep=19.91692pt
* \skip\footins=9.0pt plus 4.0pt minus 2.0pt
* \hoffset=0.0pt
* \voffset=0.0pt
* \mag=1000
* \@twocolumntrue
* \@twosidefalse
* \@mparswitchfalse
* \@reversemarginfalse
* (1in=72.27pt=25.4mm, 1cm=28.453pt)

\AtBeginShipoutBox=\box74
Package hyperref Info: Link coloring OFF on input line 17.
LaTeX Info: Redefining \ref on input line 17.
LaTeX Info: Redefining \pageref on input line 17.
LaTeX Info: Redefining \nameref on input line 17.
(./article.out) (./article.out)
\@outlinefile=\write6
\openout6 = `article.out'.

Package lastpage Info: Please have a look at the pageslts package at
(lastpage)             https://www.ctan.org/pkg/pageslts
(lastpage)             ! on input line 17.

isodate: babel.sty, (n)german.sty have not been loaded
Package caption Info: Begin \AtBeginDocument code.
Package caption Info: End \AtBeginDocument code.
ABD: EveryShipout initializing macros

Package todonotes Warning: The length marginparwidth is less than 2cm and will 
most likely cause issues with the appearance of inserted todonotes. The issue c
an be solved by adding a line like \setlength {\marginparwidth }{2cm} prior to 
loading the todonotes package. on input line 17.

(./pythontex-files-article/article.pytxmcr)
Package newfloat Info: New float `listing' with options `fileext=lopytx' on inp
ut line 17.
\c@listing=\count363
\newfloat@ftype=\count364
Package newfloat Info: float type `listing'=8 on input line 17.
\c@sublisting=\count365

(/usr/share/texmf-dist/tex/latex/translator/translator-basic-dictionary-English
.dict
Dictionary: translator-basic-dictionary, Language: English 
) (/usr/share/texmf-dist/tex/latex/siunitx/siunitx-abbreviations.cfg
File: siunitx-abbreviations.cfg 2017/11/26 v2.7k siunitx: Abbreviated units
)
(./pythontex-files-article/article.pytxpyg)
LaTeX Font Info:    External font `cmex10' loaded for size
(Font)              <7> on input line 17.
LaTeX Font Info:    External font `cmex10' loaded for size
(Font)              <5> on input line 17.
LaTeX Font Info:    Try loading font information for T1+phv on input line 18.

(/usr/share/texmf-dist/tex/latex/psnfss/t1phv.fd
File: t1phv.fd 2001/06/04 scalable font definitions for T1/phv.
)
LaTeX Font Info:    Try loading font information for T1+cmss on input line 18.

(/usr/share/texmf-dist/tex/latex/base/t1cmss.fd
File: t1cmss.fd 2014/09/29 v2.5h Standard LaTeX font definitions
)
LaTeX Font Info:    External font `cmex10' loaded for size
(Font)              <12> on input line 18.
LaTeX Font Info:    External font `cmex10' loaded for size
(Font)              <8> on input line 18.
LaTeX Font Info:    External font `cmex10' loaded for size
(Font)              <6> on input line 18.
 (./abstract.tex
Package hyperref Info: bookmark level for unknown todo defaults to 0 on input l
ine 8.

Overfull \hbox (18.32814pt too wide) in paragraph at lines 8--8
[][][]\T1/cmr/m/n/10 not 
 []


Overfull \hbox (21.68843pt too wide) in paragraph at lines 8--8
\T1/cmr/m/n/10 true[]  
 []


Overfull \hbox (2.6643pt too wide) in paragraph at lines 8--8
[][][] 
 []


Overfull \hbox (18.32814pt too wide) in paragraph at lines 8--8
[][][]\T1/cmr/m/n/10 not 
 []


Overfull \hbox (21.68843pt too wide) in paragraph at lines 8--8
\T1/cmr/m/n/10 true[]  
 []


Overfull \hbox (2.6643pt too wide) in paragraph at lines 8--8
[][][] 
 []

) (./article/background.tex

Package natbib Warning: Citation `maintz_overview_nodate' on page 1 undefined o
n input line 4.


Package natbib Warning: Citation `sotiras_deformable_2013' on page 1 undefined 
on input line 4.


Package natbib Warning: Citation `ioanas_optimized_2019' on page 1 undefined on
 input line 7.


Overfull \hbox (53.9861pt too wide) in paragraph at lines 9--9
[][][]\T1/cmr/m/n/10 registration 
 []


Overfull \hbox (14.4402pt too wide) in paragraph at lines 9--9
\T1/cmr/m/n/10 on 
 []


Overfull \hbox (36.15712pt too wide) in paragraph at lines 9--9
\T1/cmr/m/n/10 masked 
 []


Overfull \hbox (18.32814pt too wide) in paragraph at lines 9--9
\T1/cmr/m/n/10 im- 
 []


Overfull \hbox (18.32814pt too wide) in paragraph at lines 9--9
\T1/cmr/m/n/10 age 
 []


Overfull \hbox (10.6078pt too wide) in paragraph at lines 9--9
\T1/cmr/m/n/10 is 
 []


Overfull \hbox (27.21486pt too wide) in paragraph at lines 9--9
\T1/cmr/m/n/10 much 
 []


Overfull \hbox (21.38295pt too wide) in paragraph at lines 9--9
\T1/cmr/m/n/10 bet- 
 []


Overfull \hbox (18.91133pt too wide) in paragraph at lines 9--9
\T1/cmr/m/n/10 ter: 
 []


Overfull \hbox (25.32643pt too wide) in paragraph at lines 9--9
\T1/cmr/m/n/10 show 
 []


Overfull \hbox (15.57881pt too wide) in paragraph at lines 9--9
\T1/cmr/m/n/10 re- 
 []


Overfull \hbox (23.99342pt too wide) in paragraph at lines 9--9
\T1/cmr/m/n/10 sults[]  
 []


Overfull \hbox (2.6643pt too wide) in paragraph at lines 9--9
[][][] 
 []


Overfull \hbox (53.9861pt too wide) in paragraph at lines 9--9
[][][]\T1/cmr/m/n/10 registration 
 []


Overfull \hbox (14.4402pt too wide) in paragraph at lines 9--9
\T1/cmr/m/n/10 on 
 []


Overfull \hbox (36.15712pt too wide) in paragraph at lines 9--9
\T1/cmr/m/n/10 masked 
 []


Overfull \hbox (18.32814pt too wide) in paragraph at lines 9--9
\T1/cmr/m/n/10 im- 
 []


Overfull \hbox (18.32814pt too wide) in paragraph at lines 9--9
\T1/cmr/m/n/10 age 
 []


Overfull \hbox (10.6078pt too wide) in paragraph at lines 9--9
\T1/cmr/m/n/10 is 
 []


Overfull \hbox (27.21486pt too wide) in paragraph at lines 9--9
\T1/cmr/m/n/10 much 
 []


Overfull \hbox (21.38295pt too wide) in paragraph at lines 9--9
\T1/cmr/m/n/10 bet- 
 []


Overfull \hbox (18.91133pt too wide) in paragraph at lines 9--9
\T1/cmr/m/n/10 ter: 
 []


Overfull \hbox (25.32643pt too wide) in paragraph at lines 9--9
\T1/cmr/m/n/10 show 
 []


Overfull \hbox (15.57881pt too wide) in paragraph at lines 9--9
\T1/cmr/m/n/10 re- 
 []


Overfull \hbox (23.99342pt too wide) in paragraph at lines 9--9
\T1/cmr/m/n/10 sults[]  
 []


Overfull \hbox (2.6643pt too wide) in paragraph at lines 9--9
[][][] 
 []


Package natbib Warning: Citation `geng_survey_2018' on page 1 undefined on inpu
t line 13.


Package natbib Warning: Citation `ronneberger_u-net:_2015' on page 1 undefined 
on input line 13.


Overfull \hbox (20.04994pt too wide) in paragraph at lines 24--24
[][][]\T1/cmr/m/n/10 this 
 []


Overfull \hbox (10.6078pt too wide) in paragraph at lines 24--24
\T1/cmr/m/n/10 is 
 []


Overfull \hbox (33.35225pt too wide) in paragraph at lines 24--24
\T1/cmr/m/n/10 wrong, 
 []


Overfull \hbox (19.43898pt too wide) in paragraph at lines 24--24
\T1/cmr/m/n/10 cite 
 []


Overfull \hbox (29.46431pt too wide) in paragraph at lines 24--24
\T1/cmr/m/n/10 where 
 []


Overfull \hbox (17.77272pt too wide) in paragraph at lines 24--24
\T1/cmr/m/n/10 the 
 []


Overfull \hbox (26.43727pt too wide) in paragraph at lines 24--24
\T1/cmr/m/n/10 mask 
 []


Overfull \hbox (30.0475pt too wide) in paragraph at lines 24--24
\T1/cmr/m/n/10 comes 
 []


Overfull \hbox (24.18782pt too wide) in paragraph at lines 24--24
\T1/cmr/m/n/10 from[]  
 []


Overfull \hbox (2.6643pt too wide) in paragraph at lines 24--24
[][][] 
 []


Overfull \hbox (20.04994pt too wide) in paragraph at lines 24--24
[][][]\T1/cmr/m/n/10 this 
 []


Overfull \hbox (10.6078pt too wide) in paragraph at lines 24--24
\T1/cmr/m/n/10 is 
 []


Overfull \hbox (33.35225pt too wide) in paragraph at lines 24--24
\T1/cmr/m/n/10 wrong, 
 []


Overfull \hbox (19.43898pt too wide) in paragraph at lines 24--24
\T1/cmr/m/n/10 cite 
 []


Overfull \hbox (29.46431pt too wide) in paragraph at lines 24--24
\T1/cmr/m/n/10 where 
 []


Overfull \hbox (17.77272pt too wide) in paragraph at lines 24--24
\T1/cmr/m/n/10 the 
 []


Overfull \hbox (26.43727pt too wide) in paragraph at lines 24--24
\T1/cmr/m/n/10 mask 
 []


Overfull \hbox (30.0475pt too wide) in paragraph at lines 24--24
\T1/cmr/m/n/10 comes 
 []


Overfull \hbox (24.18782pt too wide) in paragraph at lines 24--24
\T1/cmr/m/n/10 from[]  
 []


Overfull \hbox (2.6643pt too wide) in paragraph at lines 24--24
[][][] 
 []

) (./article/Classifier.tex (./auto_fig_py_default_default-0.pgf)
(./auto_fig_py_default_default-1.pgf)

LaTeX Warning: `h' float specifier changed to `ht'.


Package natbib Warning: Citation `ronneberger_u-net:_2015' on page 1 undefined 
on input line 37.


Package natbib Warning: Citation `zhixuhao_zhixuhao/unet_2020' on page 1 undefi
ned on input line 40.


Package natbib Warning: Citation `srivastava_dropout:_nodate' on page 1 undefin
ed on input line 47.

[1{/var/lib/texmf/fonts/map/pdftex/updmap/pdftex.map}


]

Package natbib Warning: Citation `milletari_v-net:_2016' on page 2 undefined on
 input line 63.


Underfull \vbox (badness 1496) has occurred while \output is active []



Package natbib Warning: Citation `ioanas_whole-brain_nodate' on page 2 undefine
d on input line 108.


Package natbib Warning: Citation `ioanas_effects_nodate' on page 2 undefined on
 input line 108.


Package natbib Warning: Citation `noauthor_ibt-fmi/samri_2019' on page 2 undefi
ned on input line 111.


Package natbib Warning: Citation `ioanas_optimized_2019' on page 2 undefined on
 input line 113.


Package natbib Warning: Citation `noauthor_multi-dimensional_nodate' on page 2 
undefined on input line 138.

[2 <./auto_fig_py_default_default-0-img0.png> <./auto_fig_py_default_default-1-
img0.png>]

Package natbib Warning: Citation `perez_effectiveness_2017' on page 3 undefined
 on input line 153.


Underfull \hbox (badness 2717) in paragraph at lines 153--154
[]\T1/cmr/m/n/10 Many more so-phis-ti-cated meth-ods have been
 []


Overfull \hbox (40.57271pt too wide) in paragraph at lines 163--163
[][][]\T1/cmr/m/n/10 compare 
 []


Overfull \hbox (15.57881pt too wide) in paragraph at lines 163--163
\T1/cmr/m/n/10 re- 
 []


Overfull \hbox (23.99342pt too wide) in paragraph at lines 163--163
\T1/cmr/m/n/10 sults[]  
 []


Overfull \hbox (2.6643pt too wide) in paragraph at lines 163--163
[][][] 
 []


Overfull \hbox (40.57271pt too wide) in paragraph at lines 163--163
[][][]\T1/cmr/m/n/10 compare 
 []


Overfull \hbox (15.57881pt too wide) in paragraph at lines 163--163
\T1/cmr/m/n/10 re- 
 []


Overfull \hbox (23.99342pt too wide) in paragraph at lines 163--163
\T1/cmr/m/n/10 sults[]  
 []


Overfull \hbox (2.6643pt too wide) in paragraph at lines 163--163
[][][] 
 []


Package natbib Warning: Citation `noauthor_callbacks_nodate' on page 3 undefine
d on input line 165.

) (./article/methods.tex

Package natbib Warning: Citation `noauthor_neuroimaging_nodate' on page 3 undef
ined on input line 2.

LaTeX Font Info:    Try loading font information for T1+cmtt on input line 5.
(/usr/share/texmf-dist/tex/latex/base/t1cmtt.fd
File: t1cmtt.fd 2014/09/29 v2.5h Standard LaTeX font definitions
)

Package natbib Warning: Citation `noauthor_scikit-learn/scikit-learn_2020' on p
age 3 undefined on input line 5.

) [3] 
AED: lastpage setting LastPage

Package natbib Warning: There were undefined citations.

Package atveryend Info: Empty hook `BeforeClearDocument' on input line 35.
Package atveryend Info: Empty hook `AfterLastShipout' on input line 35.
(./article.aux)
Package atveryend Info: Executing hook `AtVeryEndDocument' on input line 35.
Package atveryend Info: Executing hook `AtEndAfterFileList' on input line 35.
Package rerunfilecheck Info: File `article.out' has not changed.
(rerunfilecheck)             Checksum: 49C4AD69971531CA9FFA222D8E75349F;448.


LaTeX Warning: Label(s) may have changed. Rerun to get cross-references right.

Package atveryend Info: Empty hook `AtVeryVeryEnd' on input line 35.
 ) 
Here is how much of TeX's memory you used:
 36394 strings out of 494553
 713078 string characters out of 6177842
 771331 words of memory out of 5000000
 39517 multiletter control sequences out of 15000+600000
 564833 words of font info for 81 fonts, out of 8000000 for 9000
 14 hyphenation exceptions out of 8191
 64i,11n,81p,929b,991s stack positions out of 5000i,500n,10000p,200000b,80000s
{/usr/share/texmf-dist/fonts/enc/dvips/cm-super/cm-super-t1.enc}{/usr/share/t
exmf-dist/fonts/enc/dvips/cm-super/cm-super-ts1.enc}{/usr/share/texmf-dist/font
s/enc/dvips/base/8r.enc}</usr/share/texmf-dist/fonts/type1/public/amsfonts/cm/c
mex10.pfb></usr/share/texmf-dist/fonts/type1/public/amsfonts/cm/cmmi10.pfb></us
r/share/texmf-dist/fonts/type1/public/amsfonts/cm/cmmi7.pfb></usr/share/texmf-d
ist/fonts/type1/public/amsfonts/cm/cmr10.pfb></usr/share/texmf-dist/fonts/type1
/public/amsfonts/cm/cmr7.pfb></usr/share/texmf-dist/fonts/type1/public/amsfonts
/cm/cmsy10.pfb></usr/share/texmf-dist/fonts/type1/public/amsfonts/cm/cmsy7.pfb>
</usr/share/texmf-dist/fonts/type1/public/cm-super/sfbx1000.pfb></usr/share/tex
mf-dist/fonts/type1/public/cm-super/sfrm0700.pfb></usr/share/texmf-dist/fonts/t
ype1/public/cm-super/sfrm1000.pfb></usr/share/texmf-dist/fonts/type1/public/cm-
super/sfsi1000.pfb></usr/share/texmf-dist/fonts/type1/public/cm-super/sfso1000.
pfb></usr/share/texmf-dist/fonts/type1/public/cm-super/sfss0800.pfb></usr/share
/texmf-dist/fonts/type1/public/cm-super/sfss0900.pfb></usr/share/texmf-dist/fon
ts/type1/public/cm-super/sfss1000.pfb></usr/share/texmf-dist/fonts/type1/public
/cm-super/sfsx0800.pfb></usr/share/texmf-dist/fonts/type1/public/cm-super/sfsx0
900.pfb></usr/share/texmf-dist/fonts/type1/public/cm-super/sfsx1000.pfb></usr/s
hare/texmf-dist/fonts/type1/public/cm-super/sfsx1200.pfb></usr/share/texmf-dist
/fonts/type1/public/cm-super/sfti1000.pfb></usr/share/texmf-dist/fonts/type1/pu
blic/cm-super/sftt1000.pfb></usr/share/texmf-dist/fonts/type1/urw/helvetic/uhvb
8a.pfb>
Output written on article.pdf (3 pages, 287093 bytes).
PDF statistics:
 192 PDF objects out of 1000 (max. 8388607)
 143 compressed objects within 2 object streams
 17 named destinations out of 1000 (max. 500000)
 183 words of extra memory for PDF output out of 10000 (max. 10000000)

